<?xml version='1.0'?>
<ns2:test-suite xmlns:ns2='urn:model.allure.qatools.yandex.ru' start='1716630139157' stop='1716630144679'>
    <name>Livestream Player</name>
    <title>Livestream Player</title>
    <test-cases>
        <test-case start='1716630141387' status='failed' stop='1716630141394'>
            <name>Validate Player is visible in Livestream Player</name>
            <title>Validate Player is visible in Livestream Player</title>
            <labels>
                <label name='language' value='javascript'/>
                <label name='framework' value='codeceptjs'/>
            </labels>
            <parameters/>
            <steps/>
            <attachments>
                <attachment title='Main session - Last Seen Screenshot' source='488d059d-1176-4cd5-b4b2-7f4ff0b33b68-attachment.png' type='image/png' size='5161'/>
            </attachments>
            <failure>
                <message>No steps matching "I am on the Al Jazeera live page"</message>
                <stack-trace>Error: No steps matching "I am on the Al Jazeera live page"
                    at matchStep (C:\Users\laksh\codeceptjs-bdd\node_modules\codeceptjs\lib\interfaces\bdd.js:50:9)
                    at runSteps (C:\Users\laksh\codeceptjs-bdd\node_modules\codeceptjs\lib\interfaces\gherkin.js:60:18)
                    at Test.&lt;anonymous> (C:\Users\laksh\codeceptjs-bdd\node_modules\codeceptjs\lib\interfaces\gherkin.js:142:48)
                    at test.fn (C:\Users\laksh\codeceptjs-bdd\node_modules\codeceptjs\lib\scenario.js:79:14)
                    at callFnAsync (C:\Users\laksh\codeceptjs-bdd\node_modules\mocha\lib\runnable.js:394:21)
                    at Runnable.run (C:\Users\laksh\codeceptjs-bdd\node_modules\mocha\lib\runnable.js:338:7)
                    at Runner.runTest (C:\Users\laksh\codeceptjs-bdd\node_modules\mocha\lib\runner.js:677:10)
                    at C:\Users\laksh\codeceptjs-bdd\node_modules\mocha\lib\runner.js:800:12
                    at next (C:\Users\laksh\codeceptjs-bdd\node_modules\mocha\lib\runner.js:592:14)
                    at C:\Users\laksh\codeceptjs-bdd\node_modules\mocha\lib\runner.js:602:7</stack-trace>
            </failure>
        </test-case>
        <test-case start='1716630143057' status='failed' stop='1716630143059'>
            <name>Validate Switch Player button is visible in Livestream Player</name>
            <title>Validate Switch Player button is visible in Livestream Player</title>
            <labels>
                <label name='language' value='javascript'/>
                <label name='framework' value='codeceptjs'/>
            </labels>
            <parameters/>
            <steps/>
            <attachments>
                <attachment title='Main session - Last Seen Screenshot' source='de4f8164-5da0-4b11-ba8e-c1d56b51ecef-attachment.png' type='image/png' size='5161'/>
            </attachments>
            <failure>
                <message>No steps matching "I am on the Al Jazeera live page"</message>
                <stack-trace>Error: No steps matching "I am on the Al Jazeera live page"
                    at matchStep (C:\Users\laksh\codeceptjs-bdd\node_modules\codeceptjs\lib\interfaces\bdd.js:50:9)
                    at runSteps (C:\Users\laksh\codeceptjs-bdd\node_modules\codeceptjs\lib\interfaces\gherkin.js:60:18)
                    at Test.&lt;anonymous> (C:\Users\laksh\codeceptjs-bdd\node_modules\codeceptjs\lib\interfaces\gherkin.js:142:48)
                    at test.fn (C:\Users\laksh\codeceptjs-bdd\node_modules\codeceptjs\lib\scenario.js:79:14)
                    at callFnAsync (C:\Users\laksh\codeceptjs-bdd\node_modules\mocha\lib\runnable.js:394:21)
                    at Runnable.run (C:\Users\laksh\codeceptjs-bdd\node_modules\mocha\lib\runnable.js:338:7)
                    at Runner.runTest (C:\Users\laksh\codeceptjs-bdd\node_modules\mocha\lib\runner.js:677:10)
                    at C:\Users\laksh\codeceptjs-bdd\node_modules\mocha\lib\runner.js:800:12
                    at next (C:\Users\laksh\codeceptjs-bdd\node_modules\mocha\lib\runner.js:592:14)
                    at C:\Users\laksh\codeceptjs-bdd\node_modules\mocha\lib\runner.js:602:7</stack-trace>
            </failure>
        </test-case>
    </test-cases>
</ns2:test-suite>